<?xml version="1.0" encoding="UTF-8"?>
<!-- Generated by org.testng.reporters.JUnitReportReporter -->
<testsuite hostname="inbl01lap7026" failures="0" tests="1" name="Com.Orange.testcases.SystemUsersTest" time="31.596" errors="0" timestamp="2022-02-17T08:44:31 IST" skipped="0">
  <testcase classname="Com.Orange.testcases.SystemUsersTest" name="searchTest" time="31.596"/>
  <system-out/>
</testsuite> <!-- Com.Orange.testcases.SystemUsersTest -->
