<?xml version="1.0" encoding="UTF-8"?>
<!-- Generated by org.testng.reporters.JUnitReportReporter -->
<testsuite hostname="inbl01lap7026" failures="0" tests="1" name="Com.Orange.testcases.SystemUsersTest" time="30.523" errors="0" timestamp="2022-02-15T09:04:47 IST" skipped="0">
  <testcase classname="Com.Orange.testcases.SystemUsersTest" name="searchTest" time="30.523"/>
  <system-out/>
</testsuite> <!-- Com.Orange.testcases.SystemUsersTest -->
