<?xml version="1.0" encoding="UTF-8"?>
<!-- Generated by org.testng.reporters.JUnitReportReporter -->
<testsuite hostname="inbl01lap7026" failures="0" tests="1" name="Com.Orange.testcases.SaveSystemUserTest" time="35.563" errors="0" timestamp="2022-02-15T09:04:47 IST" skipped="0">
  <testcase classname="Com.Orange.testcases.SaveSystemUserTest" name="searchTest" time="35.563"/>
  <system-out/>
</testsuite> <!-- Com.Orange.testcases.SaveSystemUserTest -->
