<?xml version="1.0" encoding="UTF-8"?>
<!-- Generated by org.testng.reporters.JUnitReportReporter -->
<testsuite hostname="inbl01lap7026" failures="0" tests="2" name="Com.Orange.testcases.LoginPageTest" time="26.580" errors="0" timestamp="2022-02-15T09:04:47 IST" skipped="0">
  <testcase classname="Com.Orange.testcases.LoginPageTest" name="verifylogo" time="8.792"/>
  <system-out/>
  <testcase classname="Com.Orange.testcases.LoginPageTest" name="loginTest" time="17.788"/>
  <system-out/>
</testsuite> <!-- Com.Orange.testcases.LoginPageTest -->
