<?xml version="1.0" encoding="UTF-8"?>
<!-- Generated by org.testng.reporters.JUnitReportReporter -->
<testsuite hostname="inbl01lap7026" failures="0" tests="2" name="Com.Orange.testcases.LoginPageTest" time="29.944" errors="0" timestamp="2022-02-17T08:44:31 IST" skipped="0">
  <testcase classname="Com.Orange.testcases.LoginPageTest" name="verifylogo" time="12.315"/>
  <system-out/>
  <testcase classname="Com.Orange.testcases.LoginPageTest" name="loginTest" time="17.629"/>
  <system-out/>
</testsuite> <!-- Com.Orange.testcases.LoginPageTest -->
